{"/home/bunbury/Documents/Microverse/javascriptCapstoneProject/src/js/controllers/commentsController.js": {"path":"/home/bunbury/Documents/Microverse/javascriptCapstoneProject/src/js/controllers/commentsController.js","statementMap":{"0":{"start":{"line":4,"column":8},"end":{"line":4,"column":111}},"1":{"start":{"line":7,"column":4},"end":{"line":7,"column":74}},"2":{"start":{"line":7,"column":53},"end":{"line":7,"column":72}},"3":{"start":{"line":8,"column":4},"end":{"line":8,"column":49}},"4":{"start":{"line":9,"column":4},"end":{"line":9,"column":28}},"5":{"start":{"line":13,"column":21},"end":{"line":48,"column":13}},"6":{"start":{"line":50,"column":25},"end":{"line":50,"column":64}},"7":{"start":{"line":51,"column":22},"end":{"line":51,"column":63}},"8":{"start":{"line":52,"column":4},"end":{"line":52,"column":35}},"9":{"start":{"line":54,"column":22},"end":{"line":54,"column":55}},"10":{"start":{"line":55,"column":17},"end":{"line":55,"column":47}},"11":{"start":{"line":56,"column":4},"end":{"line":56,"column":37}},"12":{"start":{"line":58,"column":4},"end":{"line":64,"column":7}},"13":{"start":{"line":59,"column":6},"end":{"line":59,"column":35}},"14":{"start":{"line":61,"column":6},"end":{"line":63,"column":7}},"15":{"start":{"line":62,"column":8},"end":{"line":62,"column":31}},"16":{"start":{"line":66,"column":4},"end":{"line":66,"column":32}},"17":{"start":{"line":68,"column":4},"end":{"line":68,"column":26}},"18":{"start":{"line":72,"column":24},"end":{"line":72,"column":63}},"19":{"start":{"line":73,"column":26},"end":{"line":73,"column":67}},"20":{"start":{"line":74,"column":4},"end":{"line":74,"column":31}},"21":{"start":{"line":76,"column":21},"end":{"line":76,"column":97}},"22":{"start":{"line":78,"column":4},"end":{"line":96,"column":7}},"23":{"start":{"line":79,"column":6},"end":{"line":92,"column":7}},"24":{"start":{"line":80,"column":8},"end":{"line":80,"column":36}},"25":{"start":{"line":82,"column":8},"end":{"line":91,"column":11}},"26":{"start":{"line":83,"column":27},"end":{"line":89,"column":12}},"27":{"start":{"line":90,"column":10},"end":{"line":90,"column":49}},"28":{"start":{"line":93,"column":6},"end":{"line":93,"column":69}},"29":{"start":{"line":95,"column":6},"end":{"line":95,"column":29}},"30":{"start":{"line":100,"column":22},"end":{"line":100,"column":61}},"31":{"start":{"line":101,"column":25},"end":{"line":101,"column":67}},"32":{"start":{"line":103,"column":4},"end":{"line":112,"column":5}},"33":{"start":{"line":104,"column":6},"end":{"line":111,"column":11}},"34":{"start":{"line":106,"column":10},"end":{"line":106,"column":31}},"35":{"start":{"line":108,"column":10},"end":{"line":108,"column":34}},"36":{"start":{"line":110,"column":10},"end":{"line":110,"column":32}},"37":{"start":{"line":116,"column":4},"end":{"line":116,"column":37}}},"fnMap":{"0":{"name":"(anonymous_0)","decl":{"start":{"line":6,"column":2},"end":{"line":6,"column":3}},"loc":{"start":{"line":6,"column":26},"end":{"line":10,"column":3}},"line":6},"1":{"name":"(anonymous_1)","decl":{"start":{"line":7,"column":43},"end":{"line":7,"column":44}},"loc":{"start":{"line":7,"column":53},"end":{"line":7,"column":72}},"line":7},"2":{"name":"(anonymous_2)","decl":{"start":{"line":12,"column":2},"end":{"line":12,"column":3}},"loc":{"start":{"line":12,"column":11},"end":{"line":69,"column":3}},"line":12},"3":{"name":"(anonymous_3)","decl":{"start":{"line":58,"column":29},"end":{"line":58,"column":30}},"loc":{"start":{"line":58,"column":47},"end":{"line":64,"column":5}},"line":58},"4":{"name":"(anonymous_4)","decl":{"start":{"line":71,"column":2},"end":{"line":71,"column":3}},"loc":{"start":{"line":71,"column":19},"end":{"line":97,"column":3}},"line":71},"5":{"name":"(anonymous_5)","decl":{"start":{"line":78,"column":18},"end":{"line":78,"column":19}},"loc":{"start":{"line":78,"column":30},"end":{"line":94,"column":5}},"line":78},"6":{"name":"(anonymous_6)","decl":{"start":{"line":82,"column":35},"end":{"line":82,"column":36}},"loc":{"start":{"line":82,"column":48},"end":{"line":91,"column":9}},"line":82},"7":{"name":"(anonymous_7)","decl":{"start":{"line":94,"column":13},"end":{"line":94,"column":14}},"loc":{"start":{"line":94,"column":24},"end":{"line":96,"column":5}},"line":94},"8":{"name":"(anonymous_8)","decl":{"start":{"line":99,"column":2},"end":{"line":99,"column":3}},"loc":{"start":{"line":99,"column":16},"end":{"line":113,"column":3}},"line":99},"9":{"name":"(anonymous_9)","decl":{"start":{"line":105,"column":14},"end":{"line":105,"column":15}},"loc":{"start":{"line":105,"column":20},"end":{"line":111,"column":9}},"line":105},"10":{"name":"(anonymous_10)","decl":{"start":{"line":115,"column":2},"end":{"line":115,"column":3}},"loc":{"start":{"line":115,"column":19},"end":{"line":117,"column":3}},"line":115}},"branchMap":{"0":{"loc":{"start":{"line":61,"column":6},"end":{"line":63,"column":7}},"type":"if","locations":[{"start":{"line":61,"column":6},"end":{"line":63,"column":7}},{"start":{"line":61,"column":6},"end":{"line":63,"column":7}}],"line":61},"1":{"loc":{"start":{"line":79,"column":6},"end":{"line":92,"column":7}},"type":"if","locations":[{"start":{"line":79,"column":6},"end":{"line":92,"column":7}},{"start":{"line":79,"column":6},"end":{"line":92,"column":7}}],"line":79},"2":{"loc":{"start":{"line":103,"column":4},"end":{"line":112,"column":5}},"type":"if","locations":[{"start":{"line":103,"column":4},"end":{"line":112,"column":5}},{"start":{"line":103,"column":4},"end":{"line":112,"column":5}}],"line":103},"3":{"loc":{"start":{"line":103,"column":8},"end":{"line":103,"column":45}},"type":"binary-expr","locations":[{"start":{"line":103,"column":8},"end":{"line":103,"column":23}},{"start":{"line":103,"column":27},"end":{"line":103,"column":45}}],"line":103}},"s":{"0":1,"1":1,"2":3,"3":1,"4":1,"5":0,"6":0,"7":0,"8":0,"9":0,"10":0,"11":0,"12":0,"13":0,"14":0,"15":0,"16":0,"17":0,"18":0,"19":0,"20":0,"21":0,"22":0,"23":0,"24":0,"25":0,"26":0,"27":0,"28":0,"29":0,"30":0,"31":0,"32":0,"33":0,"34":0,"35":0,"36":0,"37":3},"f":{"0":1,"1":3,"2":0,"3":0,"4":0,"5":0,"6":0,"7":0,"8":0,"9":0,"10":3},"b":{"0":[0,0],"1":[0,0],"2":[0,0],"3":[0,0]},"_coverageSchema":"1a1c01bbd47fc00a2c39e90264f33305004495a9","hash":"42fda775f192fe15aa1266895d80f2db0d5d2491"}
,"/home/bunbury/Documents/Microverse/javascriptCapstoneProject/src/js/helpers/networkcall.js": {"path":"/home/bunbury/Documents/Microverse/javascriptCapstoneProject/src/js/helpers/networkcall.js","statementMap":{"0":{"start":{"line":3,"column":4},"end":{"line":3,"column":23}},"1":{"start":{"line":6,"column":16},"end":{"line":17,"column":3}},"2":{"start":{"line":7,"column":21},"end":{"line":14,"column":6}},"3":{"start":{"line":15,"column":17},"end":{"line":15,"column":75}},"4":{"start":{"line":16,"column":4},"end":{"line":16,"column":16}},"5":{"start":{"line":19,"column":15},"end":{"line":23,"column":3}},"6":{"start":{"line":20,"column":21},"end":{"line":20,"column":56}},"7":{"start":{"line":21,"column":17},"end":{"line":21,"column":75}},"8":{"start":{"line":22,"column":4},"end":{"line":22,"column":16}},"9":{"start":{"line":25,"column":21},"end":{"line":32,"column":3}},"10":{"start":{"line":26,"column":4},"end":{"line":26,"column":22}},"11":{"start":{"line":27,"column":4},"end":{"line":31,"column":27}},"12":{"start":{"line":30,"column":26},"end":{"line":30,"column":41}},"13":{"start":{"line":31,"column":22},"end":{"line":31,"column":25}},"14":{"start":{"line":35,"column":27},"end":{"line":38,"column":5}},"15":{"start":{"line":40,"column":4},"end":{"line":42,"column":31}},"16":{"start":{"line":41,"column":26},"end":{"line":41,"column":41}},"17":{"start":{"line":42,"column":24},"end":{"line":42,"column":29}},"18":{"start":{"line":46,"column":22},"end":{"line":46,"column":35}},"19":{"start":{"line":47,"column":4},"end":{"line":47,"column":57}},"20":{"start":{"line":49,"column":16},"end":{"line":53,"column":6}},"21":{"start":{"line":55,"column":27},"end":{"line":60,"column":5}},"22":{"start":{"line":62,"column":4},"end":{"line":64,"column":31}},"23":{"start":{"line":63,"column":26},"end":{"line":63,"column":41}},"24":{"start":{"line":64,"column":24},"end":{"line":64,"column":29}}},"fnMap":{"0":{"name":"(anonymous_0)","decl":{"start":{"line":2,"column":2},"end":{"line":2,"column":3}},"loc":{"start":{"line":2,"column":47},"end":{"line":4,"column":3}},"line":2},"1":{"name":"(anonymous_1)","decl":{"start":{"line":6,"column":16},"end":{"line":6,"column":17}},"loc":{"start":{"line":6,"column":66},"end":{"line":17,"column":3}},"line":6},"2":{"name":"(anonymous_2)","decl":{"start":{"line":19,"column":15},"end":{"line":19,"column":16}},"loc":{"start":{"line":19,"column":59},"end":{"line":23,"column":3}},"line":19},"3":{"name":"(anonymous_3)","decl":{"start":{"line":25,"column":21},"end":{"line":25,"column":22}},"loc":{"start":{"line":25,"column":45},"end":{"line":32,"column":3}},"line":25},"4":{"name":"(anonymous_4)","decl":{"start":{"line":30,"column":12},"end":{"line":30,"column":13}},"loc":{"start":{"line":30,"column":26},"end":{"line":30,"column":41}},"line":30},"5":{"name":"(anonymous_5)","decl":{"start":{"line":31,"column":13},"end":{"line":31,"column":14}},"loc":{"start":{"line":31,"column":22},"end":{"line":31,"column":25}},"line":31},"6":{"name":"(anonymous_6)","decl":{"start":{"line":34,"column":2},"end":{"line":34,"column":3}},"loc":{"start":{"line":34,"column":46},"end":{"line":43,"column":3}},"line":34},"7":{"name":"(anonymous_7)","decl":{"start":{"line":41,"column":12},"end":{"line":41,"column":13}},"loc":{"start":{"line":41,"column":26},"end":{"line":41,"column":41}},"line":41},"8":{"name":"(anonymous_8)","decl":{"start":{"line":42,"column":13},"end":{"line":42,"column":14}},"loc":{"start":{"line":42,"column":24},"end":{"line":42,"column":29}},"line":42},"9":{"name":"(anonymous_9)","decl":{"start":{"line":45,"column":2},"end":{"line":45,"column":3}},"loc":{"start":{"line":45,"column":48},"end":{"line":65,"column":3}},"line":45},"10":{"name":"(anonymous_10)","decl":{"start":{"line":63,"column":12},"end":{"line":63,"column":13}},"loc":{"start":{"line":63,"column":26},"end":{"line":63,"column":41}},"line":63},"11":{"name":"(anonymous_11)","decl":{"start":{"line":64,"column":13},"end":{"line":64,"column":14}},"loc":{"start":{"line":64,"column":24},"end":{"line":64,"column":29}},"line":64}},"branchMap":{"0":{"loc":{"start":{"line":2,"column":14},"end":{"line":2,"column":45}},"type":"default-arg","locations":[{"start":{"line":2,"column":20},"end":{"line":2,"column":45}}],"line":2},"1":{"loc":{"start":{"line":6,"column":29},"end":{"line":6,"column":41}},"type":"default-arg","locations":[{"start":{"line":6,"column":39},"end":{"line":6,"column":41}}],"line":6},"2":{"loc":{"start":{"line":6,"column":43},"end":{"line":6,"column":61}},"type":"default-arg","locations":[{"start":{"line":6,"column":56},"end":{"line":6,"column":61}}],"line":6},"3":{"loc":{"start":{"line":15,"column":17},"end":{"line":15,"column":75}},"type":"cond-expr","locations":[{"start":{"line":15,"column":30},"end":{"line":15,"column":51}},{"start":{"line":15,"column":54},"end":{"line":15,"column":75}}],"line":15},"4":{"loc":{"start":{"line":19,"column":22},"end":{"line":19,"column":34}},"type":"default-arg","locations":[{"start":{"line":19,"column":32},"end":{"line":19,"column":34}}],"line":19},"5":{"loc":{"start":{"line":19,"column":36},"end":{"line":19,"column":54}},"type":"default-arg","locations":[{"start":{"line":19,"column":49},"end":{"line":19,"column":54}}],"line":19},"6":{"loc":{"start":{"line":21,"column":17},"end":{"line":21,"column":75}},"type":"cond-expr","locations":[{"start":{"line":21,"column":30},"end":{"line":21,"column":51}},{"start":{"line":21,"column":54},"end":{"line":21,"column":75}}],"line":21},"7":{"loc":{"start":{"line":25,"column":28},"end":{"line":25,"column":40}},"type":"default-arg","locations":[{"start":{"line":25,"column":38},"end":{"line":25,"column":40}}],"line":25}},"s":{"0":1,"1":1,"2":0,"3":0,"4":0,"5":1,"6":0,"7":0,"8":0,"9":1,"10":0,"11":0,"12":0,"13":0,"14":0,"15":0,"16":0,"17":0,"18":0,"19":0,"20":0,"21":0,"22":0,"23":0,"24":0},"f":{"0":1,"1":0,"2":0,"3":0,"4":0,"5":0,"6":0,"7":0,"8":0,"9":0,"10":0,"11":0},"b":{"0":[0],"1":[0],"2":[0],"3":[0,0],"4":[0],"5":[0],"6":[0,0],"7":[0]},"_coverageSchema":"1a1c01bbd47fc00a2c39e90264f33305004495a9","hash":"f89fdc7af4f5a365f3f3ee47312654694bf8954b"}
}
