{"/home/bunbury/Documents/Microverse/javascriptCapstoneProject/src/js/controllers/likescontroller.js": {"path":"/home/bunbury/Documents/Microverse/javascriptCapstoneProject/src/js/controllers/likescontroller.js","statementMap":{"0":{"start":{"line":4,"column":11},"end":{"line":4,"column":33}},"1":{"start":{"line":6,"column":15},"end":{"line":6,"column":84}},"2":{"start":{"line":9,"column":4},"end":{"line":9,"column":20}},"3":{"start":{"line":12,"column":13},"end":{"line":23,"column":3}},"4":{"start":{"line":13,"column":24},"end":{"line":13,"column":56}},"5":{"start":{"line":14,"column":4},"end":{"line":22,"column":31}},"6":{"start":{"line":21,"column":25},"end":{"line":21,"column":32}},"7":{"start":{"line":22,"column":24},"end":{"line":22,"column":29}},"8":{"start":{"line":25,"column":13},"end":{"line":34,"column":3}},"9":{"start":{"line":26,"column":24},"end":{"line":26,"column":56}},"10":{"start":{"line":27,"column":4},"end":{"line":33,"column":27}},"11":{"start":{"line":30,"column":8},"end":{"line":30,"column":30}},"12":{"start":{"line":31,"column":8},"end":{"line":31,"column":19}},"13":{"start":{"line":33,"column":22},"end":{"line":33,"column":25}}},"fnMap":{"0":{"name":"(anonymous_0)","decl":{"start":{"line":8,"column":2},"end":{"line":8,"column":3}},"loc":{"start":{"line":8,"column":16},"end":{"line":10,"column":3}},"line":8},"1":{"name":"(anonymous_1)","decl":{"start":{"line":12,"column":13},"end":{"line":12,"column":14}},"loc":{"start":{"line":12,"column":26},"end":{"line":23,"column":3}},"line":12},"2":{"name":"(anonymous_2)","decl":{"start":{"line":21,"column":12},"end":{"line":21,"column":13}},"loc":{"start":{"line":21,"column":25},"end":{"line":21,"column":32}},"line":21},"3":{"name":"(anonymous_3)","decl":{"start":{"line":22,"column":13},"end":{"line":22,"column":14}},"loc":{"start":{"line":22,"column":24},"end":{"line":22,"column":29}},"line":22},"4":{"name":"(anonymous_4)","decl":{"start":{"line":25,"column":13},"end":{"line":25,"column":14}},"loc":{"start":{"line":25,"column":19},"end":{"line":34,"column":3}},"line":25},"5":{"name":"(anonymous_5)","decl":{"start":{"line":29,"column":12},"end":{"line":29,"column":13}},"loc":{"start":{"line":29,"column":21},"end":{"line":32,"column":7}},"line":29},"6":{"name":"(anonymous_6)","decl":{"start":{"line":33,"column":13},"end":{"line":33,"column":14}},"loc":{"start":{"line":33,"column":22},"end":{"line":33,"column":25}},"line":33}},"branchMap":{},"s":{"0":1,"1":1,"2":1,"3":1,"4":0,"5":0,"6":0,"7":0,"8":1,"9":3,"10":3,"11":0,"12":0,"13":3},"f":{"0":1,"1":0,"2":0,"3":0,"4":3,"5":0,"6":3},"b":{},"_coverageSchema":"1a1c01bbd47fc00a2c39e90264f33305004495a9","hash":"9d8a2cdcddf40edac5d1e3d033229a5ff0a3bc29"}
,"/home/bunbury/Documents/Microverse/javascriptCapstoneProject/src/js/controllers/showscontroller.js": {"path":"/home/bunbury/Documents/Microverse/javascriptCapstoneProject/src/js/controllers/showscontroller.js","statementMap":{"0":{"start":{"line":5,"column":15},"end":{"line":5,"column":16}},"1":{"start":{"line":8,"column":4},"end":{"line":8,"column":35}},"2":{"start":{"line":9,"column":4},"end":{"line":9,"column":51}},"3":{"start":{"line":12,"column":15},"end":{"line":29,"column":3}},"4":{"start":{"line":13,"column":24},"end":{"line":13,"column":41}},"5":{"start":{"line":14,"column":4},"end":{"line":27,"column":5}},"6":{"start":{"line":15,"column":23},"end":{"line":15,"column":63}},"7":{"start":{"line":16,"column":6},"end":{"line":24,"column":11}},"8":{"start":{"line":18,"column":24},"end":{"line":18,"column":42}},"9":{"start":{"line":19,"column":10},"end":{"line":19,"column":39}},"10":{"start":{"line":20,"column":10},"end":{"line":20,"column":34}},"11":{"start":{"line":23,"column":10},"end":{"line":23,"column":33}},"12":{"start":{"line":26,"column":6},"end":{"line":26,"column":17}},"13":{"start":{"line":28,"column":4},"end":{"line":28,"column":38}},"14":{"start":{"line":31,"column":14},"end":{"line":42,"column":3}},"15":{"start":{"line":32,"column":27},"end":{"line":32,"column":49}},"16":{"start":{"line":33,"column":21},"end":{"line":33,"column":53}},"17":{"start":{"line":34,"column":4},"end":{"line":41,"column":25}},"18":{"start":{"line":36,"column":26},"end":{"line":36,"column":64}},"19":{"start":{"line":37,"column":36},"end":{"line":37,"column":66}},"20":{"start":{"line":38,"column":23},"end":{"line":38,"column":48}},"21":{"start":{"line":39,"column":8},"end":{"line":39,"column":54}},"22":{"start":{"line":41,"column":21},"end":{"line":41,"column":23}},"23":{"start":{"line":45,"column":4},"end":{"line":45,"column":25}},"24":{"start":{"line":46,"column":26},"end":{"line":46,"column":68}},"25":{"start":{"line":47,"column":4},"end":{"line":47,"column":46}},"26":{"start":{"line":51,"column":22},"end":{"line":51,"column":51}},"27":{"start":{"line":52,"column":4},"end":{"line":52,"column":51}},"28":{"start":{"line":53,"column":4},"end":{"line":90,"column":5}},"29":{"start":{"line":54,"column":6},"end":{"line":89,"column":16}},"30":{"start":{"line":91,"column":4},"end":{"line":100,"column":25}},"31":{"start":{"line":92,"column":18},"end":{"line":92,"column":57}},"32":{"start":{"line":92,"column":34},"end":{"line":92,"column":56}},"33":{"start":{"line":93,"column":6},"end":{"line":99,"column":7}},"34":{"start":{"line":94,"column":26},"end":{"line":94,"column":75}},"35":{"start":{"line":95,"column":25},"end":{"line":95,"column":55}},"36":{"start":{"line":97,"column":23},"end":{"line":97,"column":46}},"37":{"start":{"line":98,"column":8},"end":{"line":98,"column":50}},"38":{"start":{"line":100,"column":20},"end":{"line":100,"column":23}},"39":{"start":{"line":102,"column":4},"end":{"line":102,"column":65}},"40":{"start":{"line":103,"column":4},"end":{"line":103,"column":22}},"41":{"start":{"line":104,"column":25},"end":{"line":104,"column":68}},"42":{"start":{"line":105,"column":4},"end":{"line":107,"column":7}},"43":{"start":{"line":106,"column":6},"end":{"line":106,"column":51}}},"fnMap":{"0":{"name":"(anonymous_0)","decl":{"start":{"line":7,"column":2},"end":{"line":7,"column":3}},"loc":{"start":{"line":7,"column":27},"end":{"line":10,"column":3}},"line":7},"1":{"name":"(anonymous_1)","decl":{"start":{"line":12,"column":15},"end":{"line":12,"column":16}},"loc":{"start":{"line":12,"column":40},"end":{"line":29,"column":3}},"line":12},"2":{"name":"(anonymous_2)","decl":{"start":{"line":17,"column":14},"end":{"line":17,"column":15}},"loc":{"start":{"line":17,"column":26},"end":{"line":21,"column":9}},"line":17},"3":{"name":"(anonymous_3)","decl":{"start":{"line":22,"column":15},"end":{"line":22,"column":16}},"loc":{"start":{"line":22,"column":26},"end":{"line":24,"column":9}},"line":22},"4":{"name":"(anonymous_4)","decl":{"start":{"line":31,"column":14},"end":{"line":31,"column":15}},"loc":{"start":{"line":31,"column":31},"end":{"line":42,"column":3}},"line":31},"5":{"name":"(anonymous_5)","decl":{"start":{"line":35,"column":12},"end":{"line":35,"column":13}},"loc":{"start":{"line":35,"column":18},"end":{"line":40,"column":7}},"line":35},"6":{"name":"(anonymous_6)","decl":{"start":{"line":41,"column":13},"end":{"line":41,"column":14}},"loc":{"start":{"line":41,"column":21},"end":{"line":41,"column":23}},"line":41},"7":{"name":"(anonymous_7)","decl":{"start":{"line":44,"column":2},"end":{"line":44,"column":3}},"loc":{"start":{"line":44,"column":15},"end":{"line":48,"column":3}},"line":44},"8":{"name":"(anonymous_8)","decl":{"start":{"line":50,"column":2},"end":{"line":50,"column":3}},"loc":{"start":{"line":50,"column":21},"end":{"line":108,"column":3}},"line":50},"9":{"name":"(anonymous_9)","decl":{"start":{"line":91,"column":42},"end":{"line":91,"column":43}},"loc":{"start":{"line":91,"column":51},"end":{"line":100,"column":5}},"line":91},"10":{"name":"(anonymous_10)","decl":{"start":{"line":92,"column":27},"end":{"line":92,"column":28}},"loc":{"start":{"line":92,"column":34},"end":{"line":92,"column":56}},"line":92},"11":{"name":"(anonymous_11)","decl":{"start":{"line":100,"column":13},"end":{"line":100,"column":14}},"loc":{"start":{"line":100,"column":20},"end":{"line":100,"column":23}},"line":100},"12":{"name":"(anonymous_12)","decl":{"start":{"line":105,"column":43},"end":{"line":105,"column":44}},"loc":{"start":{"line":105,"column":49},"end":{"line":107,"column":5}},"line":105}},"branchMap":{"0":{"loc":{"start":{"line":12,"column":16},"end":{"line":12,"column":25}},"type":"default-arg","locations":[{"start":{"line":12,"column":24},"end":{"line":12,"column":25}}],"line":12},"1":{"loc":{"start":{"line":12,"column":27},"end":{"line":12,"column":35}},"type":"default-arg","locations":[{"start":{"line":12,"column":33},"end":{"line":12,"column":35}}],"line":12},"2":{"loc":{"start":{"line":53,"column":4},"end":{"line":90,"column":5}},"type":"if","locations":[{"start":{"line":53,"column":4},"end":{"line":90,"column":5}},{"start":{"line":53,"column":4},"end":{"line":90,"column":5}}],"line":53},"3":{"loc":{"start":{"line":93,"column":6},"end":{"line":99,"column":7}},"type":"if","locations":[{"start":{"line":93,"column":6},"end":{"line":99,"column":7}},{"start":{"line":93,"column":6},"end":{"line":99,"column":7}}],"line":93}},"s":{"0":1,"1":1,"2":1,"3":1,"4":0,"5":0,"6":0,"7":0,"8":0,"9":0,"10":0,"11":0,"12":0,"13":0,"14":1,"15":0,"16":0,"17":0,"18":0,"19":0,"20":0,"21":0,"22":0,"23":2,"24":2,"25":2,"26":2,"27":2,"28":2,"29":2,"30":2,"31":2,"32":0,"33":0,"34":0,"35":0,"36":0,"37":0,"38":2,"39":2,"40":2,"41":2,"42":2,"43":0},"f":{"0":1,"1":0,"2":0,"3":0,"4":0,"5":0,"6":0,"7":2,"8":2,"9":2,"10":0,"11":2,"12":0},"b":{"0":[0],"1":[0],"2":[2,0],"3":[0,0]},"_coverageSchema":"1a1c01bbd47fc00a2c39e90264f33305004495a9","hash":"4ac9da667d8d63b9e09e79a31f4171ab293ff493"}
,"/home/bunbury/Documents/Microverse/javascriptCapstoneProject/src/js/helpers/networkcall.js": {"path":"/home/bunbury/Documents/Microverse/javascriptCapstoneProject/src/js/helpers/networkcall.js","statementMap":{"0":{"start":{"line":3,"column":4},"end":{"line":3,"column":23}},"1":{"start":{"line":6,"column":16},"end":{"line":17,"column":3}},"2":{"start":{"line":7,"column":21},"end":{"line":14,"column":6}},"3":{"start":{"line":15,"column":17},"end":{"line":15,"column":75}},"4":{"start":{"line":16,"column":4},"end":{"line":16,"column":16}},"5":{"start":{"line":19,"column":15},"end":{"line":23,"column":3}},"6":{"start":{"line":20,"column":21},"end":{"line":20,"column":56}},"7":{"start":{"line":21,"column":17},"end":{"line":21,"column":75}},"8":{"start":{"line":22,"column":4},"end":{"line":22,"column":16}},"9":{"start":{"line":25,"column":21},"end":{"line":32,"column":3}},"10":{"start":{"line":26,"column":4},"end":{"line":26,"column":22}},"11":{"start":{"line":27,"column":4},"end":{"line":31,"column":27}},"12":{"start":{"line":30,"column":26},"end":{"line":30,"column":41}},"13":{"start":{"line":31,"column":22},"end":{"line":31,"column":25}},"14":{"start":{"line":35,"column":27},"end":{"line":38,"column":5}},"15":{"start":{"line":40,"column":4},"end":{"line":42,"column":31}},"16":{"start":{"line":41,"column":26},"end":{"line":41,"column":41}},"17":{"start":{"line":42,"column":24},"end":{"line":42,"column":29}},"18":{"start":{"line":46,"column":22},"end":{"line":46,"column":35}},"19":{"start":{"line":47,"column":4},"end":{"line":47,"column":57}},"20":{"start":{"line":49,"column":16},"end":{"line":53,"column":6}},"21":{"start":{"line":55,"column":27},"end":{"line":60,"column":5}},"22":{"start":{"line":62,"column":4},"end":{"line":64,"column":31}},"23":{"start":{"line":63,"column":26},"end":{"line":63,"column":41}},"24":{"start":{"line":64,"column":24},"end":{"line":64,"column":29}}},"fnMap":{"0":{"name":"(anonymous_0)","decl":{"start":{"line":2,"column":2},"end":{"line":2,"column":3}},"loc":{"start":{"line":2,"column":47},"end":{"line":4,"column":3}},"line":2},"1":{"name":"(anonymous_1)","decl":{"start":{"line":6,"column":16},"end":{"line":6,"column":17}},"loc":{"start":{"line":6,"column":66},"end":{"line":17,"column":3}},"line":6},"2":{"name":"(anonymous_2)","decl":{"start":{"line":19,"column":15},"end":{"line":19,"column":16}},"loc":{"start":{"line":19,"column":59},"end":{"line":23,"column":3}},"line":19},"3":{"name":"(anonymous_3)","decl":{"start":{"line":25,"column":21},"end":{"line":25,"column":22}},"loc":{"start":{"line":25,"column":45},"end":{"line":32,"column":3}},"line":25},"4":{"name":"(anonymous_4)","decl":{"start":{"line":30,"column":12},"end":{"line":30,"column":13}},"loc":{"start":{"line":30,"column":26},"end":{"line":30,"column":41}},"line":30},"5":{"name":"(anonymous_5)","decl":{"start":{"line":31,"column":13},"end":{"line":31,"column":14}},"loc":{"start":{"line":31,"column":22},"end":{"line":31,"column":25}},"line":31},"6":{"name":"(anonymous_6)","decl":{"start":{"line":34,"column":2},"end":{"line":34,"column":3}},"loc":{"start":{"line":34,"column":37},"end":{"line":43,"column":3}},"line":34},"7":{"name":"(anonymous_7)","decl":{"start":{"line":41,"column":12},"end":{"line":41,"column":13}},"loc":{"start":{"line":41,"column":26},"end":{"line":41,"column":41}},"line":41},"8":{"name":"(anonymous_8)","decl":{"start":{"line":42,"column":13},"end":{"line":42,"column":14}},"loc":{"start":{"line":42,"column":24},"end":{"line":42,"column":29}},"line":42},"9":{"name":"(anonymous_9)","decl":{"start":{"line":45,"column":2},"end":{"line":45,"column":3}},"loc":{"start":{"line":45,"column":48},"end":{"line":65,"column":3}},"line":45},"10":{"name":"(anonymous_10)","decl":{"start":{"line":63,"column":12},"end":{"line":63,"column":13}},"loc":{"start":{"line":63,"column":26},"end":{"line":63,"column":41}},"line":63},"11":{"name":"(anonymous_11)","decl":{"start":{"line":64,"column":13},"end":{"line":64,"column":14}},"loc":{"start":{"line":64,"column":24},"end":{"line":64,"column":29}},"line":64}},"branchMap":{"0":{"loc":{"start":{"line":2,"column":14},"end":{"line":2,"column":45}},"type":"default-arg","locations":[{"start":{"line":2,"column":20},"end":{"line":2,"column":45}}],"line":2},"1":{"loc":{"start":{"line":6,"column":29},"end":{"line":6,"column":41}},"type":"default-arg","locations":[{"start":{"line":6,"column":39},"end":{"line":6,"column":41}}],"line":6},"2":{"loc":{"start":{"line":6,"column":43},"end":{"line":6,"column":61}},"type":"default-arg","locations":[{"start":{"line":6,"column":56},"end":{"line":6,"column":61}}],"line":6},"3":{"loc":{"start":{"line":15,"column":17},"end":{"line":15,"column":75}},"type":"cond-expr","locations":[{"start":{"line":15,"column":30},"end":{"line":15,"column":51}},{"start":{"line":15,"column":54},"end":{"line":15,"column":75}}],"line":15},"4":{"loc":{"start":{"line":19,"column":22},"end":{"line":19,"column":34}},"type":"default-arg","locations":[{"start":{"line":19,"column":32},"end":{"line":19,"column":34}}],"line":19},"5":{"loc":{"start":{"line":19,"column":36},"end":{"line":19,"column":54}},"type":"default-arg","locations":[{"start":{"line":19,"column":49},"end":{"line":19,"column":54}}],"line":19},"6":{"loc":{"start":{"line":21,"column":17},"end":{"line":21,"column":75}},"type":"cond-expr","locations":[{"start":{"line":21,"column":30},"end":{"line":21,"column":51}},{"start":{"line":21,"column":54},"end":{"line":21,"column":75}}],"line":21},"7":{"loc":{"start":{"line":25,"column":28},"end":{"line":25,"column":40}},"type":"default-arg","locations":[{"start":{"line":25,"column":38},"end":{"line":25,"column":40}}],"line":25}},"s":{"0":3,"1":3,"2":0,"3":0,"4":0,"5":3,"6":0,"7":0,"8":0,"9":3,"10":3,"11":3,"12":0,"13":0,"14":0,"15":0,"16":0,"17":0,"18":0,"19":0,"20":0,"21":0,"22":0,"23":0,"24":0},"f":{"0":3,"1":0,"2":0,"3":3,"4":0,"5":0,"6":0,"7":0,"8":0,"9":0,"10":0,"11":0},"b":{"0":[0],"1":[0],"2":[0],"3":[0,0],"4":[0],"5":[0],"6":[0,0],"7":[0]},"_coverageSchema":"1a1c01bbd47fc00a2c39e90264f33305004495a9","hash":"db3371e5d99a79112752b1730f4226d8d3bb9c09"}
}
